$ python3 scripts/sync_wps_project.py --project price_tag_life --real 2>&1

STDOUT:
==================================================
  Phase 6C WPS 项目同步 — real
  run_id: phase6c-20260526T154505-08fce15a
==================================================

✅ manifest 已读取: price_tag_life / 人生价格标签
   文档数: 4

📋 sync_plan: 4 个文档待同步

⬆️  real 模式

📄 [volume_current] 人生价格标签_第一卷_当前版 -> 00_发布稿
  ✅ success

📄 [story_bible] 人生价格标签_Story_Bible_当前版 -> 01_设定资料
  ✅ success

📄 [wiki] 人生价格标签_小说Wiki_当前版 -> 02_小说Wiki
  ✅ success

📄 [archive] 2026-05-26_v001_第一卷前三章 -> 99_归档版本
  ✅ success

📊 状态: success
   成功: 4
   失败: 0
   未知: 0

STDERR:
(empty)

EXIT: 0
