SECURITY SCAN START
Generated at: 2026-05-21 13:07:28

== https/kdocs URL（真实URL） ==
无 — 所有真实 URL 已删除或脱敏

== kdocs（仅文档/工具名称引用） ==
11. **sync_wps** — 同步到 WPS / Kdocs
1. 新增 `parse_result()` 函数，解析 kdocs-cli stdout 中的 JSON，检查 `code == 0` 才算成功
1. 检查 kdocs-cli 可用性
1. 检查 kdocs-cli 是否可用（which kdocs-cli）
2. **WPS 同步依赖用户提供 Token**：当前 kdocs-cli 已认证但这是个人 WPS Token。若需上传到指定 WPS 目录，需要用户在 /etc/webnovel/.env 中配置 WPS_FOLDER_ID。

== file_id（仅字段名/脱敏引用） ==
无真实 file_id 值

== doc_link（仅字段名/脱敏引用） ==
无真实 doc_link 值

== folder_id（仅代码字段名） ==
无真实 folder_id 值

== link_id（无） ==
无真实 link_id 值

== sync_log.jsonl 脱敏确认 ==
仅保留 dry_run 记录，无任何 success/真实 ID/URL
  dry_run | price_tag_life_main.docx | WPS env not configured
  dry_run | price_tag_life_main.docx | 
  dry_run | price_tag_life_main.docx | 
  dry_run | price_tag_life_main.docx | 
  dry_run | price_tag_life_main.docx | 

== .env / __pycache__ / *.pyc ==
无

SECURITY SCAN END
